<?xml version="1.0" encoding="UTF-8"?>
<!-- Generated by org.testng.reporters.JUnitReportReporter -->
<testsuite hostname="DESKTOP-CM1GNI0" failures="0" tests="4" name="api.test.UserTests" time="9.165" errors="0" timestamp="2024-03-26T15:42:20 IST" skipped="0">
  <testcase classname="api.test.UserTests" name="testPostUser" time="4.809"/>
  <system-out/>
  <testcase classname="api.test.UserTests" name="testGetUser" time="1.173"/>
  <system-out/>
  <testcase classname="api.test.UserTests" name="testPutUser" time="2.139"/>
  <system-out/>
  <testcase classname="api.test.UserTests" name="testDeleteUser" time="1.044"/>
  <system-out/>
</testsuite> <!-- api.test.UserTests -->
