<?xml version="1.0" encoding="UTF-8"?>
<!-- Generated by org.testng.reporters.JUnitReportReporter -->
<testsuite hostname="DESKTOP-CM1GNI0" failures="0" tests="4" name="api.test.UserTestsUsingPropertiesFile" time="10.388" errors="0" timestamp="2024-03-26T17:16:24 IST" skipped="0">
  <testcase classname="api.test.UserTestsUsingPropertiesFile" name="testPostUser" time="5.981"/>
  <system-out/>
  <testcase classname="api.test.UserTestsUsingPropertiesFile" name="testGetUser" time="1.129"/>
  <system-out/>
  <testcase classname="api.test.UserTestsUsingPropertiesFile" name="testPutUser" time="2.197"/>
  <system-out/>
  <testcase classname="api.test.UserTestsUsingPropertiesFile" name="testDeleteUser" time="1.081"/>
  <system-out/>
</testsuite> <!-- api.test.UserTestsUsingPropertiesFile -->
