<?xml version="1.0" encoding="UTF-8"?>
<!-- Generated by org.testng.reporters.JUnitReportReporter -->
<testsuite hostname="DESKTOP-CM1GNI0" failures="0" tests="10" name="api.test.DataDerivenTest" time="10.572" errors="0" timestamp="2024-03-26T15:42:20 IST" skipped="0">
  <testcase classname="api.test.DataDerivenTest" name="createNewUsers" time="1.051"/>
  <system-out/>
  <testcase classname="api.test.DataDerivenTest" name="createNewUsers" time="1.054"/>
  <system-out/>
  <testcase classname="api.test.DataDerivenTest" name="createNewUsers" time="1.083"/>
  <system-out/>
  <testcase classname="api.test.DataDerivenTest" name="createNewUsers" time="1.081"/>
  <system-out/>
  <testcase classname="api.test.DataDerivenTest" name="createNewUsers" time="1.054"/>
  <system-out/>
  <testcase classname="api.test.DataDerivenTest" name="DeleteUser" time="1.029"/>
  <system-out/>
  <testcase classname="api.test.DataDerivenTest" name="DeleteUser" time="1.058"/>
  <system-out/>
  <testcase classname="api.test.DataDerivenTest" name="DeleteUser" time="1.025"/>
  <system-out/>
  <testcase classname="api.test.DataDerivenTest" name="DeleteUser" time="1.075"/>
  <system-out/>
  <testcase classname="api.test.DataDerivenTest" name="DeleteUser" time="1.062"/>
  <system-out/>
</testsuite> <!-- api.test.DataDerivenTest -->
